# JRE version: OpenJDK Runtime Environment (8.0_112-b06) (build 1.8.0_112-release-b06)
# Java VM: OpenJDK 64-Bit Server VM (25.112-b06 mixed mode windows-amd64 compressed oops)
Heap:
 PSYoungGen      total 210432K, used 112228K [0x00000000e0000000, 0x00000000ef700000, 0x0000000100000000)
  eden space 204800K, 52% used [0x00000000e0000000,0x00000000e6850c50,0x00000000ec800000)
  from space 5632K, 96% used [0x00000000ecf00000,0x00000000ed4487a8,0x00000000ed480000)
  to   space 24064K, 0% used [0x00000000edf80000,0x00000000edf80000,0x00000000ef700000)
 ParOldGen       total 150528K, used 49098K [0x00000000a0000000, 0x00000000a9300000, 0x00000000e0000000)
  object space 150528K, 32% used [0x00000000a0000000,0x00000000a2ff2b00,0x00000000a9300000)
 Metaspace       used 61781K, capacity 65098K, committed 65280K, reserved 1105920K
  class space    used 8296K, capacity 8915K, committed 8960K, reserved 1048576K
GC Heap History (10 events):
Event: 40.406 GC heap before
{Heap before GC invocations=16 (full 2):
 PSYoungGen      total 144896K, used 144895K [0x00000000e0000000, 0x00000000ed500000, 0x0000000100000000)
  eden space 129536K, 100% used [0x00000000e0000000,0x00000000e7e80000,0x00000000e7e80000)
  from space 15360K, 99% used [0x00000000e7e80000,0x00000000e8d7fe08,0x00000000e8d80000)
  to   space 22016K, 0% used [0x00000000ebf80000,0x00000000ebf80000,0x00000000ed500000)
 ParOldGen       total 89088K, used 32660K [0x00000000a0000000, 0x00000000a5700000, 0x00000000e0000000)
  object space 89088K, 36% used [0x00000000a0000000,0x00000000a1fe5298,0x00000000a5700000)
 Metaspace       used 54260K, capacity 56498K, committed 56704K, reserved 1097728K
  class space    used 7313K, capacity 7774K, committed 7808K, reserved 1048576K
Event: 40.471 GC heap after
Heap after GC invocations=16 (full 2):
 PSYoungGen      total 192512K, used 18869K [0x00000000e0000000, 0x00000000ed580000, 0x0000000100000000)
  eden space 170496K, 0% used [0x00000000e0000000,0x00000000e0000000,0x00000000ea680000)
  from space 22016K, 85% used [0x00000000ebf80000,0x00000000ed1ed500,0x00000000ed500000)
  to   space 24064K, 0% used [0x00000000ea680000,0x00000000ea680000,0x00000000ebe00000)
 ParOldGen       total 89088K, used 37076K [0x00000000a0000000, 0x00000000a5700000, 0x00000000e0000000)
  object space 89088K, 41% used [0x00000000a0000000,0x00000000a24350a0,0x00000000a5700000)
 Metaspace       used 54260K, capacity 56498K, committed 56704K, reserved 1097728K
  class space    used 7313K, capacity 7774K, committed 7808K, reserved 1048576K
}
Event: 45.202 GC heap before
{Heap before GC invocations=17 (full 2):
 PSYoungGen      total 192512K, used 60503K [0x00000000e0000000, 0x00000000ed580000, 0x0000000100000000)
  eden space 170496K, 24% used [0x00000000e0000000,0x00000000e28a87e0,0x00000000ea680000)
  from space 22016K, 85% used [0x00000000ebf80000,0x00000000ed1ed500,0x00000000ed500000)
  to   space 24064K, 0% used [0x00000000ea680000,0x00000000ea680000,0x00000000ebe00000)
 ParOldGen       total 89088K, used 37076K [0x00000000a0000000, 0x00000000a5700000, 0x00000000e0000000)
  object space 89088K, 41% used [0x00000000a0000000,0x00000000a24350a0,0x00000000a5700000)
 Metaspace       used 56675K, capacity 58972K, committed 59028K, reserved 1099776K
  class space    used 7641K, capacity 8153K, committed 8192K, reserved 1048576K
Event: 45.257 GC heap after
Heap after GC invocations=17 (full 2):
 PSYoungGen      total 194560K, used 15360K [0x00000000e0000000, 0x00000000f0900000, 0x0000000100000000)
  eden space 170496K, 0% used [0x00000000e0000000,0x00000000e0000000,0x00000000ea680000)
  from space 24064K, 63% used [0x00000000ea680000,0x00000000eb580020,0x00000000ebe00000)
  to   space 24576K, 0% used [0x00000000ef100000,0x00000000ef100000,0x00000000f0900000)
 ParOldGen       total 89088K, used 40482K [0x00000000a0000000, 0x00000000a5700000, 0x00000000e0000000)
  object space 89088K, 45% used [0x00000000a0000000,0x00000000a2788a00,0x00000000a5700000)
 Metaspace       used 56675K, capacity 58972K, committed 59028K, reserved 1099776K
  class space    used 7641K, capacity 8153K, committed 8192K, reserved 1048576K
}
Event: 45.257 GC heap before
{Heap before GC invocations=18 (full 3):
 PSYoungGen      total 194560K, used 15360K [0x00000000e0000000, 0x00000000f0900000, 0x0000000100000000)
  eden space 170496K, 0% used [0x00000000e0000000,0x00000000e0000000,0x00000000ea680000)
  from space 24064K, 63% used [0x00000000ea680000,0x00000000eb580020,0x00000000ebe00000)
  to   space 24576K, 0% used [0x00000000ef100000,0x00000000ef100000,0x00000000f0900000)
 ParOldGen       total 89088K, used 40482K [0x00000000a0000000, 0x00000000a5700000, 0x00000000e0000000)
  object space 89088K, 45% used [0x00000000a0000000,0x00000000a2788a00,0x00000000a5700000)
 Metaspace       used 56675K, capacity 58972K, committed 59028K, reserved 1099776K
  class space    used 7641K, capacity 8153K, committed 8192K, reserved 1048576K
Event: 45.793 GC heap after
Heap after GC invocations=18 (full 3):
 PSYoungGen      total 194560K, used 0K [0x00000000e0000000, 0x00000000f0900000, 0x0000000100000000)
  eden space 170496K, 0% used [0x00000000e0000000,0x00000000e0000000,0x00000000ea680000)
  from space 24064K, 0% used [0x00000000ea680000,0x00000000ea680000,0x00000000ebe00000)
  to   space 24576K, 0% used [0x00000000ef100000,0x00000000ef100000,0x00000000f0900000)
 ParOldGen       total 150528K, used 49090K [0x00000000a0000000, 0x00000000a9300000, 0x00000000e0000000)
  object space 150528K, 32% used [0x00000000a0000000,0x00000000a2ff0b00,0x00000000a9300000)
 Metaspace       used 56675K, capacity 58972K, committed 59028K, reserved 1099776K
  class space    used 7641K, capacity 8153K, committed 8192K, reserved 1048576K
}
Event: 5408.242 GC heap before
{Heap before GC invocations=19 (full 3):
 PSYoungGen      total 194560K, used 170496K [0x00000000e0000000, 0x00000000f0900000, 0x0000000100000000)
  eden space 170496K, 100% used [0x00000000e0000000,0x00000000ea680000,0x00000000ea680000)
  from space 24064K, 0% used [0x00000000ea680000,0x00000000ea680000,0x00000000ebe00000)
  to   space 24576K, 0% used [0x00000000ef100000,0x00000000ef100000,0x00000000f0900000)
 ParOldGen       total 150528K, used 49090K [0x00000000a0000000, 0x00000000a9300000, 0x00000000e0000000)
  object space 150528K, 32% used [0x00000000a0000000,0x00000000a2ff0b00,0x00000000a9300000)
 Metaspace       used 57863K, capacity 60420K, committed 60544K, reserved 1101824K
  class space    used 7777K, capacity 8285K, committed 8320K, reserved 1048576K
Event: 5408.320 GC heap after
Heap after GC invocations=19 (full 3):
 PSYoungGen      total 225280K, used 5312K [0x00000000e0000000, 0x00000000efe00000, 0x0000000100000000)
  eden space 211968K, 0% used [0x00000000e0000000,0x00000000e0000000,0x00000000ecf00000)
  from space 13312K, 39% used [0x00000000ef100000,0x00000000ef630020,0x00000000efe00000)
  to   space 24064K, 0% used [0x00000000ecf00000,0x00000000ecf00000,0x00000000ee680000)
 ParOldGen       total 150528K, used 49098K [0x00000000a0000000, 0x00000000a9300000, 0x00000000e0000000)
  object space 150528K, 32% used [0x00000000a0000000,0x00000000a2ff2b00,0x00000000a9300000)
 Metaspace       used 57863K, capacity 60420K, committed 60544K, reserved 1101824K
  class space    used 7777K, capacity 8285K, committed 8320K, reserved 1048576K
}
Event: 6113.536 GC heap before
{Heap before GC invocations=20 (full 3):
 PSYoungGen      total 225280K, used 217280K [0x00000000e0000000, 0x00000000efe00000, 0x0000000100000000)
  eden space 211968K, 100% used [0x00000000e0000000,0x00000000ecf00000,0x00000000ecf00000)
  from space 13312K, 39% used [0x00000000ef100000,0x00000000ef630020,0x00000000efe00000)
  to   space 24064K, 0% used [0x00000000ecf00000,0x00000000ecf00000,0x00000000ee680000)
 ParOldGen       total 150528K, used 49098K [0x00000000a0000000, 0x00000000a9300000, 0x00000000e0000000)
  object space 150528K, 32% used [0x00000000a0000000,0x00000000a2ff2b00,0x00000000a9300000)
 Metaspace       used 60891K, capacity 64072K, committed 64384K, reserved 1105920K
  class space    used 8153K, capacity 8764K, committed 8832K, reserved 1048576K
Event: 6113.599 GC heap after
Heap after GC invocations=20 (full 3):
 PSYoungGen      total 210432K, used 5409K [0x00000000e0000000, 0x00000000ef700000, 0x0000000100000000)
  eden space 204800K, 0% used [0x00000000e0000000,0x00000000e0000000,0x00000000ec800000)
  from space 5632K, 96% used [0x00000000ecf00000,0x00000000ed4487a8,0x00000000ed480000)
  to   space 24064K, 0% used [0x00000000edf80000,0x00000000edf80000,0x00000000ef700000)
 ParOldGen       total 150528K, used 49098K [0x00000000a0000000, 0x00000000a9300000, 0x00000000e0000000)
  object space 150528K, 32% used [0x00000000a0000000,0x00000000a2ff2b00,0x00000000a9300000)
 Metaspace       used 60891K, capacity 64072K, committed 64384K, reserved 1105920K
  class space    used 8153K, capacity 8764K, committed 8832K, reserved 1048576K
}

